<?xml version="1.0" encoding="UTF-8"?>
<Site BuildName="Win32-mingw32-make"
	BuildStamp="20230615-2001-Experimental"
	Name="DESKTOP-V2PVS6G"
	Generator="ctest-3.26.3"
	CompilerName="C:/msys64/mingw64/bin/g++.exe"
	CompilerVersion="12.2.0"
	OSName="Windows"
	Hostname="DESKTOP-V2PVS6G"
	OSRelease=" Professional"
	OSVersion=" (Build 19045)"
	OSPlatform="AMD64"
	Is64Bits="1"
	VendorString="AuthenticAMD"
	VendorID="Advanced Micro Devices"
	FamilyID="15"
	ModelID="1"
	ProcessorCacheSize="64"
	NumberOfLogicalCPU="16"
	NumberOfPhysicalCPU="8"
	TotalVirtualMemory="40087"
	TotalPhysicalMemory="31895"
	LogicalProcessorsPerPhysical="2"
	ProcessorClockFrequency="4499"
	>
	<Testing>
		<StartDateTime>Jun 15 22:36 [NON-UTF-8-BYTE-0x8C]rodkowoeuropejski czas letni</StartDateTime>
		<StartTestTime>1686861368</StartTestTime>
		<TestList/>
		<EndDateTime>Jun 15 22:36 [NON-UTF-8-BYTE-0x8C]rodkowoeuropejski czas letni</EndDateTime>
		<EndTestTime>1686861368</EndTestTime>
		<ElapsedMinutes>0</ElapsedMinutes>
	</Testing>
</Site>
