<?xml version="1.0" encoding="UTF-8"?>
<Site BuildName="Win32-mingw32-make"
	BuildStamp="20240527-1646-Experimental"
	Name="DESKTOP-0JS5B57"
	Generator="ctest-3.29.0"
	CompilerName="C:/msys64/mingw64/bin/clang++.exe"
	CompilerVersion="18.1.2"
	OSName="Windows"
	Hostname="DESKTOP-0JS5B57"
	OSRelease=" Professional"
	OSVersion=" (Build 22631)"
	OSPlatform="AMD64"
	Is64Bits="1"
	VendorString="AuthenticAMD"
	VendorID="Advanced Micro Devices"
	FamilyID="15"
	ModelID="1"
	ProcessorCacheSize="64"
	NumberOfLogicalCPU="16"
	NumberOfPhysicalCPU="8"
	TotalVirtualMemory="37867"
	TotalPhysicalMemory="31895"
	LogicalProcessorsPerPhysical="2"
	ProcessorClockFrequency="4491"
	>
	<Testing>
		<StartDateTime>May 28 01:03 Central European Daylight Time</StartDateTime>
		<StartTestTime>1716850993</StartTestTime>
		<TestList/>
		<EndDateTime>May 28 01:03 Central European Daylight Time</EndDateTime>
		<EndTestTime>1716850993</EndTestTime>
		<ElapsedMinutes>0</ElapsedMinutes>
	</Testing>
</Site>
