<?xml version="1.0" encoding="UTF-8"?>
<Site BuildName="Win32-mingw32-make"
	BuildStamp="20240612-1827-Experimental"
	Name="DESKTOP-0JS5B57"
	Generator="ctest-3.29.0"
	CompilerName="C:/msys64/mingw64/bin/clang++.exe"
	CompilerVersion="18.1.2"
	OSName="Windows"
	Hostname="DESKTOP-0JS5B57"
	OSRelease=" Professional"
	OSVersion=" (Build 22631)"
	OSPlatform="AMD64"
	Is64Bits="1"
	VendorString="AuthenticAMD"
	VendorID="Advanced Micro Devices"
	FamilyID="15"
	ModelID="1"
	ProcessorCacheSize="64"
	NumberOfLogicalCPU="16"
	NumberOfPhysicalCPU="8"
	TotalVirtualMemory="32887"
	TotalPhysicalMemory="31895"
	LogicalProcessorsPerPhysical="2"
	ProcessorClockFrequency="4491"
	>
	<Testing>
		<StartDateTime>Jun 12 23:03 Central European Daylight Time</StartDateTime>
		<StartTestTime>1718226236</StartTestTime>
		<TestList/>
		<EndDateTime>Jun 12 23:03 Central European Daylight Time</EndDateTime>
		<EndTestTime>1718226236</EndTestTime>
		<ElapsedMinutes>0</ElapsedMinutes>
	</Testing>
</Site>
